Virtual User Script started at: 01.12.2019 15:31:11
Starting action vuser_init.
Web Turbo Replay of LoadRunner 12.60.0 for Windows 10; build 971 (авг 09 2018 11:27:13)  	[MsgId: MMSG-26983]
Run mode: HTML  	[MsgId: MMSG-26993]
Replay user agent: Mozilla/5.0 (Windows NT 10.0; WOW64; Trident/7.0; rv:11.0) like Gecko  	[MsgId: MMSG-26988]
Runtime Settings file: "C:\Projects\Perfomance lab\Election\UC01_Election_Ogdanets\\default.cfg"  	[MsgId: MMSG-27141]
Ending action vuser_init.
Running Vuser...
Starting iteration 1.
Maximum number of concurrent connections per server: 6  	[MsgId: MMSG-26989]
Starting action Action.
Action.c(4): web_set_sockets_option started  	[MsgId: MMSG-26355]
Action.c(4): web_set_sockets_option was successful  	[MsgId: MMSG-26392]
Action.c(6): web_add_cookie started  	[MsgId: MMSG-26355]
Action.c(6): web_add_cookie was successful  	[MsgId: MMSG-26392]
Action.c(8): web_add_cookie started  	[MsgId: MMSG-26355]
Action.c(8): web_add_cookie was successful  	[MsgId: MMSG-26392]
Action.c(10): web_add_cookie started  	[MsgId: MMSG-26355]
Action.c(10): web_add_cookie was successful  	[MsgId: MMSG-26392]
Action.c(12): web_add_cookie started  	[MsgId: MMSG-26355]
Action.c(12): web_add_cookie was successful  	[MsgId: MMSG-26392]
Action.c(14): web_add_cookie started  	[MsgId: MMSG-26355]
Action.c(14): web_add_cookie was successful  	[MsgId: MMSG-26392]
Action.c(16): web_add_cookie started  	[MsgId: MMSG-26355]
Action.c(16): web_add_cookie was successful  	[MsgId: MMSG-26392]
Action.c(18): web_url("www.vybory.izbirkom.ru") started  	[MsgId: MMSG-26355]
Action.c(18): Downloading resource "http://www.vybory.izbirkom.ru/css/cal/core.css" (specified by argument number 10)  	[MsgId: MMSG-26577]
Action.c(18): Downloading resource "http://www.vybory.izbirkom.ru/styles/main.css" (specified by argument number 13)  	[MsgId: MMSG-26577]
Action.c(18): Downloading resource "http://www.vybory.izbirkom.ru/css/cal/theme.css" (specified by argument number 16)  	[MsgId: MMSG-26577]
Action.c(18): Downloading resource "http://www.vybory.izbirkom.ru/css/cal/sumoselect.css" (specified by argument number 19)  	[MsgId: MMSG-26577]
Action.c(18): Downloading resource "http://www.vybory.izbirkom.ru/css/cal/cal.css" (specified by argument number 22)  	[MsgId: MMSG-26577]
Action.c(18): Downloading resource "http://www.vybory.izbirkom.ru/css/cal/datepicker.css" (specified by argument number 25)  	[MsgId: MMSG-26577]
Action.c(18): Downloading resource "http://www.vybory.izbirkom.ru/header/00/fonts/PTS75F_W.eot?" (specified by argument number 28)  	[MsgId: MMSG-26577]
Action.c(18): Downloading resource "https://www.google-analytics.com/ga.js" (specified by argument number 31)  	[MsgId: MMSG-26577]
Action.c(18): Downloading resource "https://www.google-analytics.com/__utm.gif?utmwv=5.7.2&utms=5&utmn=1201864127&utmhn=www.vybory.izbirkom.ru&utmcs=windows-1251&utmsr=1920x1080&utmvp=1903x932&utmsc=24-bit&utmul=ru-ru&utmje=1&utmfl=32.0%20r0&utmdt=%D0%A1%D0%B2%D0%B5%D0%B4%D0%B5%D0%BD%D0%B8%D1%8F%20%D0%BE%20%D0%BF%D1%80%D0%BE%D0%B2%D0%BE%D0%B4%D1%8F%D1%89%D0%B8%D1%85%D1%81%D1%8F%20%D0%B2%D1%8B%D0%B1%D0%BE%D1%80%D0%B0%D1%85%20%D0%B8%20%D1%80%D0%B5%D1%84%D0%B5%D1%80%D0%B5%D0%BD%D0%B4%D1%83%D0%BC%D0%B0%D1%85&utmhid=2073637711&utmr=-&utmp=%2Fregion%2Fizbirkom&utmht=1575202998577&utmac=UA-26136728-1&utmcc=__utma%3D252441553.1240078081.1574611162.1574611162.1575202796.2%3B%2B__utmz%3D252441553.1574611162.1.1.utmcsr%3D(direct)%7Cutmccn%3D(direct)%7Cutmcmd%3D(none)%3B&utmjid=&utmu=qhAAAAAAAAAAAAAAAAAAAAAE~" (specified by argument number 34)  	[MsgId: MMSG-26577]
Action.c(18): Downloading resource "http://www.vybory.izbirkom.ru/favicon.ico" (specified by argument number 37)  	[MsgId: MMSG-26577]
Action.c(18): Redirecting "http://www.vybory.izbirkom.ru/" (redirection depth is 0)  	[MsgId: MMSG-26694]
Action.c(18): To location "http://www.vybory.izbirkom.ru/region/izbirkom"  	[MsgId: MMSG-26693]
Action.c(18): Found resource "http://www.vybory.izbirkom.ru/css/report.css" in HTML "http://www.vybory.izbirkom.ru/region/izbirkom"  	[MsgId: MMSG-26659]
Action.c(18): Found resource "http://www.vybory.izbirkom.ru/header/00/00.css" in HTML "http://www.vybory.izbirkom.ru/region/izbirkom"  	[MsgId: MMSG-26659]
Action.c(18): Found resource "http://www.vybory.izbirkom.ru/header/00/fonts/PTS75F_stylesheet.css" in HTML "http://www.vybory.izbirkom.ru/region/izbirkom"  	[MsgId: MMSG-26659]
Action.c(18): Found resource "http://www.vybory.izbirkom.ru/header/00/header_bg.jpg" in HTML "http://www.vybory.izbirkom.ru/region/izbirkom"  	[MsgId: MMSG-26659]
Action.c(18): Found resource "http://www.vybory.izbirkom.ru/js/cal/jquery-1.11.2.min.js" in HTML "http://www.vybory.izbirkom.ru/region/izbirkom"  	[MsgId: MMSG-26659]
Action.c(18): Found resource "http://www.vybory.izbirkom.ru/js/cal/jquery.sumoselect.js" in HTML "http://www.vybory.izbirkom.ru/region/izbirkom"  	[MsgId: MMSG-26659]
Action.c(18): Found resource "http://www.vybory.izbirkom.ru/js/cal/datepicker.js" in HTML "http://www.vybory.izbirkom.ru/region/izbirkom"  	[MsgId: MMSG-26659]
Action.c(18): Found resource "http://www.vybory.izbirkom.ru/js/cal/datepicker-ru.js" in HTML "http://www.vybory.izbirkom.ru/region/izbirkom"  	[MsgId: MMSG-26659]
Action.c(18): Found resource "http://www.vybory.izbirkom.ru/js/cal/cal.js" in HTML "http://www.vybory.izbirkom.ru/region/izbirkom"  	[MsgId: MMSG-26659]
Action.c(18): Found resource "http://www.vybory.izbirkom.ru/js/cal/all.js" in HTML "http://www.vybory.izbirkom.ru/region/izbirkom"  	[MsgId: MMSG-26659]
Action.c(18): Found resource "http://www.vybory.izbirkom.ru/img/e.gif" in HTML "http://www.vybory.izbirkom.ru/region/izbirkom"  	[MsgId: MMSG-26659]
Action.c(18): web_url("www.vybory.izbirkom.ru") was successful, 534816 body bytes, 9474 header bytes, 140 chunking overhead bytes  	[MsgId: MMSG-26385]
Action.c(40): Notify: Transaction "UC01_TR01_Choose_date" started.
Action.c(42): web_add_cookie started  	[MsgId: MMSG-26355]
Action.c(42): web_add_cookie was successful  	[MsgId: MMSG-26392]
Action.c(44): web_add_cookie started  	[MsgId: MMSG-26355]
Action.c(44): web_add_cookie was successful  	[MsgId: MMSG-26392]
Action.c(46): web_add_cookie started  	[MsgId: MMSG-26355]
Action.c(46): web_add_cookie was successful  	[MsgId: MMSG-26392]
Action.c(48): web_add_cookie started  	[MsgId: MMSG-26355]
Action.c(48): web_add_cookie was successful  	[MsgId: MMSG-26392]
Action.c(50): web_add_header("UA-CPU") started  	[MsgId: MMSG-26355]
Action.c(50): web_add_header("UA-CPU") was successful  	[MsgId: MMSG-26392]
Action.c(53): web_url("iecompatviewlist.xml") started  	[MsgId: MMSG-26355]
Action.c(53): web_url("iecompatviewlist.xml") was successful, 26292 body bytes, 477 header bytes  	[MsgId: MMSG-26386]
Action.c(65): web_submit_data("izbirkom") started  	[MsgId: MMSG-26355]
Action.c(65): Found resource "http://www.vybory.izbirkom.ru/css/report.css" in HTML "http://www.vybory.izbirkom.ru/region/izbirkom"  	[MsgId: MMSG-26659]
Action.c(65): Found resource "http://www.vybory.izbirkom.ru/header/00/00.css" in HTML "http://www.vybory.izbirkom.ru/region/izbirkom"  	[MsgId: MMSG-26659]
Action.c(65): Found resource "http://www.vybory.izbirkom.ru/header/00/fonts/PTS75F_stylesheet.css" in HTML "http://www.vybory.izbirkom.ru/region/izbirkom"  	[MsgId: MMSG-26659]
Action.c(65): Found resource "http://www.vybory.izbirkom.ru/header/00/header_bg.jpg" in HTML "http://www.vybory.izbirkom.ru/region/izbirkom"  	[MsgId: MMSG-26659]
Action.c(65): Found resource "http://www.vybory.izbirkom.ru/js/cal/jquery-1.11.2.min.js" in HTML "http://www.vybory.izbirkom.ru/region/izbirkom"  	[MsgId: MMSG-26659]
Action.c(65): Found resource "http://www.vybory.izbirkom.ru/js/cal/jquery.sumoselect.js" in HTML "http://www.vybory.izbirkom.ru/region/izbirkom"  	[MsgId: MMSG-26659]
Action.c(65): Found resource "http://www.vybory.izbirkom.ru/js/cal/datepicker.js" in HTML "http://www.vybory.izbirkom.ru/region/izbirkom"  	[MsgId: MMSG-26659]
Action.c(65): Found resource "http://www.vybory.izbirkom.ru/js/cal/datepicker-ru.js" in HTML "http://www.vybory.izbirkom.ru/region/izbirkom"  	[MsgId: MMSG-26659]
Action.c(65): Found resource "http://www.vybory.izbirkom.ru/js/cal/cal.js" in HTML "http://www.vybory.izbirkom.ru/region/izbirkom"  	[MsgId: MMSG-26659]
Action.c(65): Found resource "http://www.vybory.izbirkom.ru/js/cal/all.js" in HTML "http://www.vybory.izbirkom.ru/region/izbirkom"  	[MsgId: MMSG-26659]
Action.c(65): Found resource "http://www.vybory.izbirkom.ru/img/e.gif" in HTML "http://www.vybory.izbirkom.ru/region/izbirkom"  	[MsgId: MMSG-26659]
Action.c(65): Downloading resource "http://www.vybory.izbirkom.ru/css/cal/core.css" (specified by argument number 38)  	[MsgId: MMSG-26577]
Action.c(65): Downloading resource "http://www.vybory.izbirkom.ru/styles/main.css" (specified by argument number 40)  	[MsgId: MMSG-26577]
Action.c(65): Downloading resource "http://www.vybory.izbirkom.ru/css/cal/sumoselect.css" (specified by argument number 42)  	[MsgId: MMSG-26577]
Action.c(65): Downloading resource "http://www.vybory.izbirkom.ru/css/cal/theme.css" (specified by argument number 44)  	[MsgId: MMSG-26577]
Action.c(65): Downloading resource "http://www.vybory.izbirkom.ru/css/cal/cal.css" (specified by argument number 46)  	[MsgId: MMSG-26577]
Action.c(65): Downloading resource "http://www.vybory.izbirkom.ru/css/cal/datepicker.css" (specified by argument number 48)  	[MsgId: MMSG-26577]
Action.c(65): Downloading resource "http://www.vybory.izbirkom.ru/header/00/fonts/PTS75F_W.eot" (specified by argument number 50)  	[MsgId: MMSG-26577]
Action.c(65): Downloading resource "https://www.google-analytics.com/__utm.gif?utmwv=5.7.2&utms=6&utmn=1972139193&utmhn=www.vybory.izbirkom.ru&utmcs=windows-1251&utmsr=1920x1080&utmvp=1903x932&utmsc=24-bit&utmul=ru-ru&utmje=1&utmfl=32.0%20r0&utmdt=%D0%A1%D0%B2%D0%B5%D0%B4%D0%B5%D0%BD%D0%B8%D1%8F%20%D0%BE%20%D0%BF%D1%80%D0%BE%D0%B2%D0%BE%D0%B4%D1%8F%D1%89%D0%B8%D1%85%D1%81%D1%8F%20%D0%B2%D1%8B%D0%B1%D0%BE%D1%80%D0%B0%D1%85%20%D0%B8%20%D1%80%D0%B5%D1%84%D0%B5%D1%80%D0%B5%D0%BD%D0%B4%D1%83%D0%BC%D0%B0%D1%85&utmhid=341776034&utmr=0&utmp=%2Fregion%2Fizbirkom&utmht=1575203050077&utmac=UA-26136728-1&utmcc=__utma%3D252441553.1240078081.1574611162.1574611162.1575202796.2%3B%2B__utmz%3D252441553.1574611162.1.1.utmcsr%3D(direct)%7Cutmccn%3D(direct)%7Cutmcmd%3D(none)%3B&utmjid=&utmu=qhAAAAAAAAAAAAAAAAAAAAAE~" (specified by argument number 52)  	[MsgId: MMSG-26577]
Action.c(65): web_submit_data("izbirkom") was successful, 484771 body bytes, 8008 header bytes, 131 chunking overhead bytes  	[MsgId: MMSG-26385]
Action.c(95): web_add_cookie started  	[MsgId: MMSG-26355]
Action.c(95): web_add_cookie was successful  	[MsgId: MMSG-26392]
Action.c(97): Notify: Transaction "UC01_TR01_Choose_date" ended with a "Pass" status (Duration: 0,5153 Wasted Time: 0,0322).
Action.c(101): Notify: Transaction "UC01_TR02_President_election" started.
Action.c(103): web_url("Выборы Президента Российской Федерации") started  	[MsgId: MMSG-26355]
Action.c(103): Found resource "http://www.vybory.izbirkom.ru/css/report.css" in HTML "http://www.vybory.izbirkom.ru/region/izbirkom?action=show&global=1&vrn=100100084849062&region=0&prver=0&pronetvd=null"  	[MsgId: MMSG-26659]
Action.c(103): Found resource "http://www.vybory.izbirkom.ru/header/00/00.css" in HTML "http://www.vybory.izbirkom.ru/region/izbirkom?action=show&global=1&vrn=100100084849062&region=0&prver=0&pronetvd=null"  	[MsgId: MMSG-26659]
Action.c(103): Found resource "http://www.vybory.izbirkom.ru/header/00/fonts/PTS75F_stylesheet.css" in HTML "http://www.vybory.izbirkom.ru/region/izbirkom?action=show&global=1&vrn=100100084849062&region=0&prver=0&pronetvd=null"  	[MsgId: MMSG-26659]
Action.c(103): Found resource "http://www.vybory.izbirkom.ru/header/00/header_bg.jpg" in HTML "http://www.vybory.izbirkom.ru/region/izbirkom?action=show&global=1&vrn=100100084849062&region=0&prver=0&pronetvd=null"  	[MsgId: MMSG-26659]
Action.c(103): Downloading resource "http://www.vybory.izbirkom.ru/header/00/fonts/PTS75F_W.eot" (specified by argument number 10)  	[MsgId: MMSG-26577]
Action.c(103): Downloading resource "https://www.google-analytics.com/__utm.gif?utmwv=5.7.2&utms=7&utmn=1065824253&utmhn=www.vybory.izbirkom.ru&utmcs=windows-1251&utmsr=1920x1080&utmvp=1920x932&utmsc=24-bit&utmul=ru-ru&utmje=1&utmfl=32.0%20r0&utmdt=%D0%A1%D0%B2%D0%B5%D0%B4%D0%B5%D0%BD%D0%B8%D1%8F%20%D0%BE%20%D0%BF%D1%80%D0%BE%D0%B2%D0%BE%D0%B4%D1%8F%D1%89%D0%B8%D1%85%D1%81%D1%8F%20%D0%B2%D1%8B%D0%B1%D0%BE%D1%80%D0%B0%D1%85%20%D0%B8%20%D1%80%D0%B5%D1%84%D0%B5%D1%80%D0%B5%D0%BD%D0%B4%D1%83%D0%BC%D0%B0%D1%85&utmhid=286712495&utmr=0&utmp=%2Fregion%2Fizbirkom%3Faction%3Dshow%26global%3D1%26vrn%3D100100084849062%26region%3D0%26prver%3D0%26pronetvd%3Dnull&utmht=1575203090521&utmac=UA-26136728-1&utmcc=__utma%3D252441553.1240078081.1574611162.1574611162.1575202796.2%3B%2B__utmz%3D252441553.1574611162.1.1.utmcsr%3D(direct)%7Cutmccn%3D(direct)%7Cutmcmd%3D(none)%3B&utmjid=&utmu=qhAAAAAAAAAAAAAAAAAAAAAE~" (specified by argument number 13)  	[MsgId: MMSG-26577]
Action.c(103): Found resource "http://www.vybory.izbirkom.ru/css/0.css" in HTML "http://www.vybory.izbirkom.ru/region/izbirkom?action=show&global=1&vrn=100100084849062&region=0&prver=0&pronetvd=null"  	[MsgId: MMSG-26659]
Action.c(103): Found resource "http://www.vybory.izbirkom.ru/img/form.gif" in HTML "http://www.vybory.izbirkom.ru/region/izbirkom?action=show&global=1&vrn=100100084849062&region=0&prver=0&pronetvd=null"  	[MsgId: MMSG-26659]
Action.c(103): Found resource "http://www.vybory.izbirkom.ru/img/folder_1.gif" in HTML "http://www.vybory.izbirkom.ru/region/izbirkom?action=show&global=1&vrn=100100084849062&region=0&prver=0&pronetvd=null"  	[MsgId: MMSG-26659]
Action.c(103): web_url("Выборы Президента Российской Федерации") was successful, 226841 body bytes, 4058 header bytes, 61 chunking overhead bytes  	[MsgId: MMSG-26385]
Action.c(117): Notify: Transaction "UC01_TR02_President_election" ended with a "Pass" status (Duration: 0,3689 Wasted Time: 0,0206).
Action.c(119): Notify: Transaction "UC01_TR03_Region" started.
Action.c(121): web_add_cookie started  	[MsgId: MMSG-26355]
Action.c(121): web_add_cookie was successful  	[MsgId: MMSG-26392]
Action.c(125): web_url("izbirkom_2") started  	[MsgId: MMSG-26355]
Action.c(125): Found resource "http://www.vybory.izbirkom.ru/css/report.css" in HTML "http://www.vybory.izbirkom.ru/region/izbirkom?action=show&global=true&root=1000001&tvd=100100084849067&vrn=100100084849062&prver=0&pronetvd=null&region=0&sub_region=0&type=0&vibid=100100084849067"  	[MsgId: MMSG-26659]
Action.c(125): Found resource "http://www.vybory.izbirkom.ru/header/00/00.css" in HTML "http://www.vybory.izbirkom.ru/region/izbirkom?action=show&global=true&root=1000001&tvd=100100084849067&vrn=100100084849062&prver=0&pronetvd=null&region=0&sub_region=0&type=0&vibid=100100084849067"  	[MsgId: MMSG-26659]
Action.c(125): Found resource "http://www.vybory.izbirkom.ru/header/00/fonts/PTS75F_stylesheet.css" in HTML "http://www.vybory.izbirkom.ru/region/izbirkom?action=show&global=true&root=1000001&tvd=100100084849067&vrn=100100084849062&prver=0&pronetvd=null&region=0&sub_region=0&type=0&vibid=100100084849067"  	[MsgId: MMSG-26659]
Action.c(125): Found resource "http://www.vybory.izbirkom.ru/header/00/header_bg.jpg" in HTML "http://www.vybory.izbirkom.ru/region/izbirkom?action=show&global=true&root=1000001&tvd=100100084849067&vrn=100100084849062&prver=0&pronetvd=null&region=0&sub_region=0&type=0&vibid=100100084849067"  	[MsgId: MMSG-26659]
Action.c(125): Found resource "http://www.vybory.izbirkom.ru/css/0.css" in HTML "http://www.vybory.izbirkom.ru/region/izbirkom?action=show&global=true&root=1000001&tvd=100100084849067&vrn=100100084849062&prver=0&pronetvd=null&region=0&sub_region=0&type=0&vibid=100100084849067"  	[MsgId: MMSG-26659]
Action.c(125): Found resource "http://www.vybory.izbirkom.ru/img/form.gif" in HTML "http://www.vybory.izbirkom.ru/region/izbirkom?action=show&global=true&root=1000001&tvd=100100084849067&vrn=100100084849062&prver=0&pronetvd=null&region=0&sub_region=0&type=0&vibid=100100084849067"  	[MsgId: MMSG-26659]
Action.c(125): Found resource "http://www.vybory.izbirkom.ru/img/folder_1.gif" in HTML "http://www.vybory.izbirkom.ru/region/izbirkom?action=show&global=true&root=1000001&tvd=100100084849067&vrn=100100084849062&prver=0&pronetvd=null&region=0&sub_region=0&type=0&vibid=100100084849067"  	[MsgId: MMSG-26659]
Action.c(125): Downloading resource "http://www.vybory.izbirkom.ru/header/00/fonts/PTS75F_W.eot" (specified by argument number 10)  	[MsgId: MMSG-26577]
Action.c(125): Downloading resource "https://www.google-analytics.com/__utm.gif?utmwv=5.7.2&utms=8&utmn=1036077311&utmhn=www.vybory.izbirkom.ru&utmcs=windows-1251&utmsr=1920x1080&utmvp=1920x932&utmsc=24-bit&utmul=ru-ru&utmje=1&utmfl=32.0%20r0&utmdt=%D0%A1%D0%B2%D0%B5%D0%B4%D0%B5%D0%BD%D0%B8%D1%8F%20%D0%BE%20%D0%BF%D1%80%D0%BE%D0%B2%D0%BE%D0%B4%D1%8F%D1%89%D0%B8%D1%85%D1%81%D1%8F%20%D0%B2%D1%8B%D0%B1%D0%BE%D1%80%D0%B0%D1%85%20%D0%B8%20%D1%80%D0%B5%D1%84%D0%B5%D1%80%D0%B5%D0%BD%D0%B4%D1%83%D0%BC%D0%B0%D1%85&utmhid=1360077152&utmr=0&utmp=%2Fregion%2Fizbirkom%3Faction%3Dshow%26global%3Dtrue%26root%3D1000001%26tvd%3D100100084849067%26vrn%3D100100084849062%26prver%3D0%26pronetvd%3Dnull%26region%3D0%26sub_region%3D0%26type%3D0%26vibid%3D100100084849067&utmht=1575203161959&utmac=UA-26136728-1&utmcc=__utma%3D252441553.1240078081.1574611162.1574611162.1575202796.2%3B%2B__utmz%3D252441553.1574611162.1.1.utmcsr%3D(direct)%7Cutmccn%3D(direct)%7Cutmcmd%3D(none)%3B&utmjid=&utmu=qhAAAAAAAAAAAAAAAAAAAAAE~" (specified by argument number 13)  	[MsgId: MMSG-26577]
Action.c(125): web_url("izbirkom_2") was successful, 205051 body bytes, 3987 header bytes, 61 chunking overhead bytes  	[MsgId: MMSG-26385]
Action.c(140): Notify: Transaction "UC01_TR03_Region" ended with a "Pass" status (Duration: 0,4093 Wasted Time: 0,0179).
Action.c(142): Notify: Transaction "UC01_TR04_Subregion" started.
Action.c(144): web_add_cookie started  	[MsgId: MMSG-26355]
Action.c(144): web_add_cookie was successful  	[MsgId: MMSG-26392]
Action.c(148): web_url("izbirkom_3") started  	[MsgId: MMSG-26355]
Action.c(148): Found resource "http://www.vybory.izbirkom.ru/css/report.css" in HTML "http://www.vybory.izbirkom.ru/region/izbirkom?action=show&global=true&root=12000009&tvd=2012000364371&vrn=100100084849062&prver=0&pronetvd=null&region=0&sub_region=0&type=0&vibid=2012000364371"  	[MsgId: MMSG-26659]
Action.c(148): Found resource "http://www.vybory.izbirkom.ru/header/00/00.css" in HTML "http://www.vybory.izbirkom.ru/region/izbirkom?action=show&global=true&root=12000009&tvd=2012000364371&vrn=100100084849062&prver=0&pronetvd=null&region=0&sub_region=0&type=0&vibid=2012000364371"  	[MsgId: MMSG-26659]
Action.c(148): Found resource "http://www.vybory.izbirkom.ru/header/00/fonts/PTS75F_stylesheet.css" in HTML "http://www.vybory.izbirkom.ru/region/izbirkom?action=show&global=true&root=12000009&tvd=2012000364371&vrn=100100084849062&prver=0&pronetvd=null&region=0&sub_region=0&type=0&vibid=2012000364371"  	[MsgId: MMSG-26659]
Action.c(148): Found resource "http://www.vybory.izbirkom.ru/header/00/header_bg.jpg" in HTML "http://www.vybory.izbirkom.ru/region/izbirkom?action=show&global=true&root=12000009&tvd=2012000364371&vrn=100100084849062&prver=0&pronetvd=null&region=0&sub_region=0&type=0&vibid=2012000364371"  	[MsgId: MMSG-26659]
Action.c(148): Found resource "http://www.vybory.izbirkom.ru/css/0.css" in HTML "http://www.vybory.izbirkom.ru/region/izbirkom?action=show&global=true&root=12000009&tvd=2012000364371&vrn=100100084849062&prver=0&pronetvd=null&region=0&sub_region=0&type=0&vibid=2012000364371"  	[MsgId: MMSG-26659]
Action.c(148): Found resource "http://www.vybory.izbirkom.ru/img/form.gif" in HTML "http://www.vybory.izbirkom.ru/region/izbirkom?action=show&global=true&root=12000009&tvd=2012000364371&vrn=100100084849062&prver=0&pronetvd=null&region=0&sub_region=0&type=0&vibid=2012000364371"  	[MsgId: MMSG-26659]
Action.c(148): Found resource "http://www.vybory.izbirkom.ru/img/folder_1.gif" in HTML "http://www.vybory.izbirkom.ru/region/izbirkom?action=show&global=true&root=12000009&tvd=2012000364371&vrn=100100084849062&prver=0&pronetvd=null&region=0&sub_region=0&type=0&vibid=2012000364371"  	[MsgId: MMSG-26659]
Action.c(148): Downloading resource "https://www.google-analytics.com/__utm.gif?utmwv=5.7.2&utms=9&utmn=2028548954&utmhn=www.vybory.izbirkom.ru&utmcs=windows-1251&utmsr=1920x1080&utmvp=1920x932&utmsc=24-bit&utmul=ru-ru&utmje=1&utmfl=32.0%20r0&utmdt=%D0%A1%D0%B2%D0%B5%D0%B4%D0%B5%D0%BD%D0%B8%D1%8F%20%D0%BE%20%D0%BF%D1%80%D0%BE%D0%B2%D0%BE%D0%B4%D1%8F%D1%89%D0%B8%D1%85%D1%81%D1%8F%20%D0%B2%D1%8B%D0%B1%D0%BE%D1%80%D0%B0%D1%85%20%D0%B8%20%D1%80%D0%B5%D1%84%D0%B5%D1%80%D0%B5%D0%BD%D0%B4%D1%83%D0%BC%D0%B0%D1%85&utmhid=432739887&utmr=0&utmp=%2Fregion%2Fizbirkom%3Faction%3Dshow%26global%3Dtrue%26root%3D12000009%26tvd%3D2012000364371%26vrn%3D100100084849062%26prver%3D0%26pronetvd%3Dnull%26region%3D0%26sub_region%3D0%26type%3D0%26vibid%3D2012000364371&utmht=1575203194606&utmac=UA-26136728-1&utmcc=__utma%3D252441553.1240078081.1574611162.1574611162.1575202796.2%3B%2B__utmz%3D252441553.1574611162.1.1.utmcsr%3D(direct)%7Cutmccn%3D(direct)%7Cutmcmd%3D(none)%3B&utmjid=&utmu=qhAAAAAAAAAAAAAAAAAAAAAE~" (specified by argument number 10)  	[MsgId: MMSG-26577]
Action.c(148): Downloading resource "http://www.vybory.izbirkom.ru/header/00/fonts/PTS75F_W.eot" (specified by argument number 13)  	[MsgId: MMSG-26577]
Action.c(148): web_url("izbirkom_3") was successful, 202238 body bytes, 4058 header bytes, 61 chunking overhead bytes  	[MsgId: MMSG-26385]
Action.c(163): web_add_cookie started  	[MsgId: MMSG-26355]
Action.c(163): web_add_cookie was successful  	[MsgId: MMSG-26392]
Action.c(165): Notify: Transaction "UC01_TR04_Subregion" ended with a "Pass" status (Duration: 0,6606 Wasted Time: 0,0444).
Action.c(169): Notify: Transaction "UC01_TR05_Region_website" started.
Action.c(171): web_url("сайт избирательной комиссии субъекта Российской Федерации") started  	[MsgId: MMSG-26355]
Action.c(171): Found resource "http://www.adygei.vybory.izbirkom.ru/css/report.css" in HTML "http://www.vybory.izbirkom.ru/region/izbirkom?action=show&global=true&root=12000009&tvd=2012000364371&vrn=100100084849062&prver=0&pronetvd=null&region=1&sub_region=1&type=0&vibid=2012000364371"  	[MsgId: MMSG-26659]
Action.c(171): Found resource "http://www.adygei.vybory.izbirkom.ru/header/01/gerb.gif" in HTML "http://www.vybory.izbirkom.ru/region/izbirkom?action=show&global=true&root=12000009&tvd=2012000364371&vrn=100100084849062&prver=0&pronetvd=null&region=1&sub_region=1&type=0&vibid=2012000364371"  	[MsgId: MMSG-26659]
Action.c(171): Found resource "http://www.adygei.vybory.izbirkom.ru/header/01/e.gif" in HTML "http://www.vybory.izbirkom.ru/region/izbirkom?action=show&global=true&root=12000009&tvd=2012000364371&vrn=100100084849062&prver=0&pronetvd=null&region=1&sub_region=1&type=0&vibid=2012000364371"  	[MsgId: MMSG-26659]
Action.c(171): Found resource "http://www.adygei.vybory.izbirkom.ru/header/01/bg_1.gif" in HTML "http://www.vybory.izbirkom.ru/region/izbirkom?action=show&global=true&root=12000009&tvd=2012000364371&vrn=100100084849062&prver=0&pronetvd=null&region=1&sub_region=1&type=0&vibid=2012000364371"  	[MsgId: MMSG-26659]
Action.c(171): Found resource "http://www.adygei.vybory.izbirkom.ru/header/01/line_hor.gif" in HTML "http://www.vybory.izbirkom.ru/region/izbirkom?action=show&global=true&root=12000009&tvd=2012000364371&vrn=100100084849062&prver=0&pronetvd=null&region=1&sub_region=1&type=0&vibid=2012000364371"  	[MsgId: MMSG-26659]
Action.c(171): Found resource "http://www.adygei.vybory.izbirkom.ru/css/0.css" in HTML "http://www.vybory.izbirkom.ru/region/izbirkom?action=show&global=true&root=12000009&tvd=2012000364371&vrn=100100084849062&prver=0&pronetvd=null&region=1&sub_region=1&type=0&vibid=2012000364371"  	[MsgId: MMSG-26659]
Action.c(171): Found resource "http://www.adygei.vybory.izbirkom.ru/img/form.gif" in HTML "http://www.vybory.izbirkom.ru/region/izbirkom?action=show&global=true&root=12000009&tvd=2012000364371&vrn=100100084849062&prver=0&pronetvd=null&region=1&sub_region=1&type=0&vibid=2012000364371"  	[MsgId: MMSG-26659]
Action.c(171): Found resource "http://www.adygei.vybory.izbirkom.ru/img/folder_1.gif" in HTML "http://www.vybory.izbirkom.ru/region/izbirkom?action=show&global=true&root=12000009&tvd=2012000364371&vrn=100100084849062&prver=0&pronetvd=null&region=1&sub_region=1&type=0&vibid=2012000364371"  	[MsgId: MMSG-26659]
Action.c(171): Downloading resource "https://www.google-analytics.com/__utm.gif?utmwv=5.7.2&utms=10&utmn=1124349872&utmhn=www.vybory.izbirkom.ru&utmcs=windows-1251&utmsr=1920x1080&utmvp=1920x932&utmsc=24-bit&utmul=ru-ru&utmje=1&utmfl=32.0%20r0&utmdt=%D0%A1%D0%B2%D0%B5%D0%B4%D0%B5%D0%BD%D0%B8%D1%8F%20%D0%BE%20%D0%BF%D1%80%D0%BE%D0%B2%D0%BE%D0%B4%D1%8F%D1%89%D0%B8%D1%85%D1%81%D1%8F%20%D0%B2%D1%8B%D0%B1%D0%BE%D1%80%D0%B0%D1%85%20%D0%B8%20%D1%80%D0%B5%D1%84%D0%B5%D1%80%D0%B5%D0%BD%D0%B4%D1%83%D0%BC%D0%B0%D1%85&utmhid=647887631&utmr=0&utmp=%2Fregion%2Fizbirkom%3Faction%3Dshow%26global%3Dtrue%26root%3D12000009%26tvd%3D2012000364371%26vrn%3D100100084849062%26prver%3D0%26pronetvd%3Dnull%26region%3D1%26sub_region%3D1%26type%3D0%26vibid%3D2012000364371&utmht=1575203234699&utmac=UA-26136728-1&utmcc=__utma%3D252441553.1240078081.1574611162.1574611162.1575202796.2%3B%2B__utmz%3D252441553.1574611162.1.1.utmcsr%3D(direct)%7Cutmccn%3D(direct)%7Cutmcmd%3D(none)%3B&utmjid=&utmu=qhAAAAAAAAAAAAAAAAAAAAAE~" (specified by argument number 10)  	[MsgId: MMSG-26577]
Action.c(171): web_url("сайт избирательной комиссии субъекта Российской Федерации") was successful, 58700 body bytes, 4028 header bytes, 37 chunking overhead bytes  	[MsgId: MMSG-26385]
Action.c(185): Notify: Transaction "UC01_TR05_Region_website" ended with a "Pass" status (Duration: 0,4266 Wasted Time: 0,0280).
Action.c(187): Notify: Transaction "UC01_TR06_Choose_UIK" started.
Action.c(189): web_add_cookie started  	[MsgId: MMSG-26355]
Action.c(189): web_add_cookie was successful  	[MsgId: MMSG-26392]
Action.c(191): web_add_cookie started  	[MsgId: MMSG-26355]
Action.c(191): web_add_cookie was successful  	[MsgId: MMSG-26392]
Action.c(193): web_add_cookie started  	[MsgId: MMSG-26355]
Action.c(193): web_add_cookie was successful  	[MsgId: MMSG-26392]
Action.c(195): web_add_cookie started  	[MsgId: MMSG-26355]
Action.c(195): web_add_cookie was successful  	[MsgId: MMSG-26392]
Action.c(197): web_add_cookie started  	[MsgId: MMSG-26355]
Action.c(197): web_add_cookie was successful  	[MsgId: MMSG-26392]
Action.c(199): web_add_cookie started  	[MsgId: MMSG-26355]
Action.c(199): web_add_cookie was successful  	[MsgId: MMSG-26392]
Action.c(203): web_url("adygei") started  	[MsgId: MMSG-26355]
Action.c(203): Found resource "http://www.adygei.vybory.izbirkom.ru/css/report.css" in HTML "http://www.adygei.vybory.izbirkom.ru/region/adygei?action=show&global=true&root=14001001&tvd=4014001115032&vrn=100100084849062&prver=0&pronetvd=null&region=1&sub_region=1&type=0&vibid=4014001115032"  	[MsgId: MMSG-26659]
Action.c(203): Found resource "http://www.adygei.vybory.izbirkom.ru/header/01/gerb.gif" in HTML "http://www.adygei.vybory.izbirkom.ru/region/adygei?action=show&global=true&root=14001001&tvd=4014001115032&vrn=100100084849062&prver=0&pronetvd=null&region=1&sub_region=1&type=0&vibid=4014001115032"  	[MsgId: MMSG-26659]
Action.c(203): Found resource "http://www.adygei.vybory.izbirkom.ru/header/01/e.gif" in HTML "http://www.adygei.vybory.izbirkom.ru/region/adygei?action=show&global=true&root=14001001&tvd=4014001115032&vrn=100100084849062&prver=0&pronetvd=null&region=1&sub_region=1&type=0&vibid=4014001115032"  	[MsgId: MMSG-26659]
Action.c(203): Found resource "http://www.adygei.vybory.izbirkom.ru/header/01/bg_1.gif" in HTML "http://www.adygei.vybory.izbirkom.ru/region/adygei?action=show&global=true&root=14001001&tvd=4014001115032&vrn=100100084849062&prver=0&pronetvd=null&region=1&sub_region=1&type=0&vibid=4014001115032"  	[MsgId: MMSG-26659]
Action.c(203): Found resource "http://www.adygei.vybory.izbirkom.ru/header/01/line_hor.gif" in HTML "http://www.adygei.vybory.izbirkom.ru/region/adygei?action=show&global=true&root=14001001&tvd=4014001115032&vrn=100100084849062&prver=0&pronetvd=null&region=1&sub_region=1&type=0&vibid=4014001115032"  	[MsgId: MMSG-26659]
Action.c(203): Found resource "http://www.adygei.vybory.izbirkom.ru/css/0.css" in HTML "http://www.adygei.vybory.izbirkom.ru/region/adygei?action=show&global=true&root=14001001&tvd=4014001115032&vrn=100100084849062&prver=0&pronetvd=null&region=1&sub_region=1&type=0&vibid=4014001115032"  	[MsgId: MMSG-26659]
Action.c(203): Found resource "http://www.adygei.vybory.izbirkom.ru/img/form.gif" in HTML "http://www.adygei.vybory.izbirkom.ru/region/adygei?action=show&global=true&root=14001001&tvd=4014001115032&vrn=100100084849062&prver=0&pronetvd=null&region=1&sub_region=1&type=0&vibid=4014001115032"  	[MsgId: MMSG-26659]
Action.c(203): Found resource "http://www.adygei.vybory.izbirkom.ru/img/folder_1.gif" in HTML "http://www.adygei.vybory.izbirkom.ru/region/adygei?action=show&global=true&root=14001001&tvd=4014001115032&vrn=100100084849062&prver=0&pronetvd=null&region=1&sub_region=1&type=0&vibid=4014001115032"  	[MsgId: MMSG-26659]
Action.c(203): Downloading resource "http://www.adygei.vybory.izbirkom.ru/favicon.ico" (specified by argument number 10)  	[MsgId: MMSG-26577]
Action.c(203): Downloading resource "https://www.google-analytics.com/__utm.gif?utmwv=5.7.2&utms=11&utmn=1358768351&utmhn=www.adygei.vybory.izbirkom.ru&utmcs=windows-1251&utmsr=1920x1080&utmvp=1920x932&utmsc=24-bit&utmul=ru-ru&utmje=1&utmfl=32.0%20r0&utmdt=%D0%A1%D0%B2%D0%B5%D0%B4%D0%B5%D0%BD%D0%B8%D1%8F%20%D0%BE%20%D0%BF%D1%80%D0%BE%D0%B2%D0%BE%D0%B4%D1%8F%D1%89%D0%B8%D1%85%D1%81%D1%8F%20%D0%B2%D1%8B%D0%B1%D0%BE%D1%80%D0%B0%D1%85%20%D0%B8%20%D1%80%D0%B5%D1%84%D0%B5%D1%80%D0%B5%D0%BD%D0%B4%D1%83%D0%BC%D0%B0%D1%85&utmhid=68524321&utmr=http%3A%2F%2Fwww.vybory.izbirkom.ru%2Fregion%2Fizbirkom%3Faction%3Dshow%26global%3Dtrue%26root%3D12000009%26tvd%3D2012000364371%26vrn%3D100100084849062%26prver%3D0%26pronetvd%3Dnull%26region%3D1%26sub_region%3D1%26type%3D0%26vibid%3D2012000364371&utmp=%2Fregion%2Fadygei%3Faction%3Dshow%26global%3Dtrue%26root%3D14001001%26tvd%3D4014001115032%26vrn%3D100100084849062%26prver%3D0%26pronetvd%3Dnull%26region%3D1%26sub_region%3D1%26type%3D0%26vibid%3D4014001115032&utmht=1575203321884&utmac=UA-26136728-1&utmcc=__utma%3D252441553.1240078081.1574611162.1574611162.1575202796.2%3B%2B__utmz%3D252441553.1574611162.1.1.utmcsr%3D(direct)%7Cutmccn%3D(direct)%7Cutmcmd%3D(none)%3B&utmjid=&utmu=qhAAAAAAAAAAAAAAAAAAAAAE~" (specified by argument number 13)  	[MsgId: MMSG-26577]
Action.c(203): web_url("adygei") was successful, 58137 body bytes, 4418 header bytes, 37 chunking overhead bytes  	[MsgId: MMSG-26385]
Action.c(218): Notify: Transaction "UC01_TR06_Choose_UIK" ended with a "Pass" status (Duration: 0,3619 Wasted Time: 0,0140).
Action.c(220): Notify: Transaction "UC01_TR07_UIK_Results" started.
Action.c(222): web_add_cookie started  	[MsgId: MMSG-26355]
Action.c(222): web_add_cookie was successful  	[MsgId: MMSG-26392]
Action.c(226): web_url("Итоги голосовани") started  	[MsgId: MMSG-26355]
Action.c(226): Found resource "http://www.adygei.vybory.izbirkom.ru/css/report.css" in HTML "http://www.adygei.vybory.izbirkom.ru/region/region/adygei?action=show&root=14001001&tvd=4014001115032&vrn=100100084849062&region=1&global=true&sub_region=1&prver=0&pronetvd=null&vibid=4014001115032&type=226"  	[MsgId: MMSG-26659]
Action.c(226): Found resource "http://www.adygei.vybory.izbirkom.ru/header/01/gerb.gif" in HTML "http://www.adygei.vybory.izbirkom.ru/region/region/adygei?action=show&root=14001001&tvd=4014001115032&vrn=100100084849062&region=1&global=true&sub_region=1&prver=0&pronetvd=null&vibid=4014001115032&type=226"  	[MsgId: MMSG-26659]
Action.c(226): Found resource "http://www.adygei.vybory.izbirkom.ru/header/01/e.gif" in HTML "http://www.adygei.vybory.izbirkom.ru/region/region/adygei?action=show&root=14001001&tvd=4014001115032&vrn=100100084849062&region=1&global=true&sub_region=1&prver=0&pronetvd=null&vibid=4014001115032&type=226"  	[MsgId: MMSG-26659]
Action.c(226): Found resource "http://www.adygei.vybory.izbirkom.ru/header/01/bg_1.gif" in HTML "http://www.adygei.vybory.izbirkom.ru/region/region/adygei?action=show&root=14001001&tvd=4014001115032&vrn=100100084849062&region=1&global=true&sub_region=1&prver=0&pronetvd=null&vibid=4014001115032&type=226"  	[MsgId: MMSG-26659]
Action.c(226): Found resource "http://www.adygei.vybory.izbirkom.ru/header/01/line_hor.gif" in HTML "http://www.adygei.vybory.izbirkom.ru/region/region/adygei?action=show&root=14001001&tvd=4014001115032&vrn=100100084849062&region=1&global=true&sub_region=1&prver=0&pronetvd=null&vibid=4014001115032&type=226"  	[MsgId: MMSG-26659]
Action.c(226): Found resource "http://www.adygei.vybory.izbirkom.ru/css/226.css" in HTML "http://www.adygei.vybory.izbirkom.ru/region/region/adygei?action=show&root=14001001&tvd=4014001115032&vrn=100100084849062&region=1&global=true&sub_region=1&prver=0&pronetvd=null&vibid=4014001115032&type=226"  	[MsgId: MMSG-26659]
Action.c(226): Found resource "http://www.adygei.vybory.izbirkom.ru/js/sorter.js" in HTML "http://www.adygei.vybory.izbirkom.ru/region/region/adygei?action=show&root=14001001&tvd=4014001115032&vrn=100100084849062&region=1&global=true&sub_region=1&prver=0&pronetvd=null&vibid=4014001115032&type=226"  	[MsgId: MMSG-26659]
Action.c(226): Found resource "http://www.adygei.vybory.izbirkom.ru/img/e.gif" in HTML "http://www.adygei.vybory.izbirkom.ru/region/region/adygei?action=show&root=14001001&tvd=4014001115032&vrn=100100084849062&region=1&global=true&sub_region=1&prver=0&pronetvd=null&vibid=4014001115032&type=226"  	[MsgId: MMSG-26659]
Action.c(226): Downloading resource "https://www.google-analytics.com/__utm.gif?utmwv=5.7.2&utms=12&utmn=1449542534&utmhn=www.adygei.vybory.izbirkom.ru&utmcs=windows-1251&utmsr=1920x1080&utmvp=1920x932&utmsc=24-bit&utmul=ru-ru&utmje=1&utmfl=32.0%20r0&utmdt=%D0%A1%D0%B2%D0%B5%D0%B4%D0%B5%D0%BD%D0%B8%D1%8F%20%D0%BE%20%D0%BF%D1%80%D0%BE%D0%B2%D0%BE%D0%B4%D1%8F%D1%89%D0%B8%D1%85%D1%81%D1%8F%20%D0%B2%D1%8B%D0%B1%D0%BE%D1%80%D0%B0%D1%85%20%D0%B8%20%D1%80%D0%B5%D1%84%D0%B5%D1%80%D0%B5%D0%BD%D0%B4%D1%83%D0%BC%D0%B0%D1%85&utmhid=2007001748&utmr=0&utmp=%2Fregion%2Fregion%2Fadygei%3Faction%3Dshow%26root%3D14001001%26tvd%3D4014001115032%26vrn%3D100100084849062%26region%3D1%26global%3Dtrue%26sub_region%3D1%26prver%3D0%26pronetvd%3Dnull%26vibid%3D4014001115032%26type%3D226&utmht=1575203361570&utmac=UA-26136728-1&utmcc=__utma%3D252441553.1240078081.1574611162.1574611162.1575202796.2%3B%2B__utmz%3D252441553.1574611162.1.1.utmcsr%3D(direct)%7Cutmccn%3D(direct)%7Cutmcmd%3D(none)%3B&utmjid=&utmu=qhAAAAAAAAAAAAAAAAAAAAAE~" (specified by argument number 10)  	[MsgId: MMSG-26577]
Action.c(226): Downloading resource "http://www.adygei.vybory.izbirkom.ru/servlet/ExcelReportVersion?region=1&sub_region=1&root=14001001&global=true&vrn=100100084849062&tvd=4014001115032&type=226&vibid=4014001115032&condition=&action=show&version=null&prver=0&sortorder=0" (specified by argument number 13)  	[MsgId: MMSG-26577]
Action.c(226): web_url("Итоги голосовани") was successful, 77896 body bytes, 4309 header bytes, 127 chunking overhead bytes  	[MsgId: MMSG-26385]
Action.c(241): Notify: Transaction "UC01_TR07_UIK_Results" ended with a "Pass" status (Duration: 1,1767 Wasted Time: 0,0123).
Action.c(243): Notify: Transaction "UC01_TR08_Download_results" started.
Action.c(245): Notify: Transaction "UC01_TR08_Download_results" ended with a "Pass" status (Duration: 0,0020).
Ending action Action.
Ending iteration 1.
Ending Vuser...
Starting action vuser_end.
Ending action vuser_end.
Vuser Terminated.
